15:10:08  [main] 	Initializing Control Panel
15:10:08  [main] 	Windows Version:  Home  64-bit
15:10:08  [main] 	XAMPP Version: 8.2.12
15:10:08  [main] 	Control Panel Version: 3.3.0  [ Compiled: Apr 6th 2021 ]
15:10:09  [main] 	You are not running with administrator rights! This will work for
15:10:09  [main] 	most application stuff but whenever you do something with services
15:10:09  [main] 	there will be a security dialogue or things will break! So think 
15:10:09  [main] 	about running this application with administrator rights!
15:10:09  [main] 	XAMPP Installation Directory: "c:\users\alexa\desktop\eeerover - platformio\eeerover webpage\xampp\"
15:10:09  [main] 	WARNING: Your install directory contains spaces.  This may break programs/scripts
15:10:09  [main] 	Checking for prerequisites
15:10:09  [main] 	All prerequisites found
15:10:09  [main] 	Initializing Modules
15:10:09  [main] 	Starting Check-Timer
15:10:09  [main] 	Control Panel Ready
15:10:14  [Apache] 	Attempting to start Apache app...
15:10:15  [Apache] 	Status change detected: running
15:12:44  [Apache] 	Attempting to stop Apache (PID: 17620)
15:12:44  [Apache] 	Attempting to stop Apache (PID: 15672)
15:12:44  [Apache] 	Status change detected: stopped
15:12:45  [Apache] 	Attempting to start Apache app...
15:12:46  [Apache] 	Status change detected: running
15:12:55  [Apache] 	Attempting to stop Apache (PID: 10216)
15:12:55  [Apache] 	Attempting to stop Apache (PID: 6568)
15:12:55  [Apache] 	Status change detected: stopped
15:12:59  [Apache] 	Problem detected!
15:12:59  [Apache] 	Port 80 in use by "Unable to get info" with PID 10216!
15:12:59  [Apache] 	Apache WILL NOT start without the configured ports free!
15:12:59  [Apache] 	You need to uninstall/disable/reconfigure the blocking application
15:12:59  [Apache] 	or reconfigure Apache and the Control Panel to listen on a different port
15:12:59  [Apache] 	Attempting to start Apache app...
15:12:59  [Apache] 	Status change detected: running
15:13:49  [Apache] 	Attempting to stop Apache (PID: 18316)
15:13:49  [Apache] 	Attempting to stop Apache (PID: 6140)
15:13:50  [Apache] 	Status change detected: stopped
15:13:52  [Apache] 	Attempting to start Apache app...
15:13:53  [Apache] 	Status change detected: running
15:14:43  [main] 	Deinitializing Modules
15:14:43  [main] 	Deinitializing Control Panel

15:20:26  [main] 	Initializing Control Panel
15:20:26  [main] 	Windows Version:  Home  64-bit
15:20:26  [main] 	XAMPP Version: 8.2.12
15:20:26  [main] 	Control Panel Version: 3.3.0  [ Compiled: Apr 6th 2021 ]
15:20:26  [main] 	You are not running with administrator rights! This will work for
15:20:26  [main] 	most application stuff but whenever you do something with services
15:20:26  [main] 	there will be a security dialogue or things will break! So think 
15:20:26  [main] 	about running this application with administrator rights!
15:20:26  [main] 	XAMPP Installation Directory: "c:\users\alexa\desktop\eeerover - platformio\eeerover webpage\xampp\"
15:20:26  [main] 	WARNING: Your install directory contains spaces.  This may break programs/scripts
15:20:26  [main] 	Checking for prerequisites
15:20:30  [main] 	All prerequisites found
15:20:30  [main] 	Initializing Modules
15:20:30  [main] 	Starting Check-Timer
15:20:30  [main] 	Control Panel Ready
15:20:53  [Apache] 	Attempting to start Apache app...
15:20:54  [Apache] 	Status change detected: running
15:21:51  [Apache] 	Attempting to stop Apache (PID: 17892)
15:21:51  [Apache] 	Attempting to stop Apache (PID: 3168)
15:21:51  [Apache] 	Status change detected: stopped
15:22:02  [Apache] 	Attempting to start Apache app...
15:22:02  [Apache] 	Status change detected: running
15:23:18  [Apache] 	Attempting to stop Apache (PID: 3272)
15:23:18  [Apache] 	Attempting to stop Apache (PID: 17356)
15:23:18  [Apache] 	Status change detected: stopped
15:23:22  [Apache] 	Attempting to start Apache app...
15:23:22  [Apache] 	Status change detected: running
15:23:42  [Apache] 	Attempting to stop Apache (PID: 17680)
15:23:42  [Apache] 	Attempting to stop Apache (PID: 18672)
15:23:42  [Apache] 	Status change detected: stopped
00:14:03  [main] 	Deinitializing Modules
00:14:03  [main] 	Deinitializing Control Panel

17:01:16  [main] 	Initializing Control Panel
17:01:16  [main] 	Windows Version:  Home  64-bit
17:01:16  [main] 	XAMPP Version: 8.2.12
17:01:16  [main] 	Control Panel Version: 3.3.0  [ Compiled: Apr 6th 2021 ]
17:01:16  [main] 	You are not running with administrator rights! This will work for
17:01:16  [main] 	most application stuff but whenever you do something with services
17:01:16  [main] 	there will be a security dialogue or things will break! So think 
17:01:16  [main] 	about running this application with administrator rights!
17:01:16  [main] 	XAMPP Installation Directory: "c:\users\alexa\desktop\eeerover - platformio\eeerover webpage\xampp\"
17:01:16  [main] 	WARNING: Your install directory contains spaces.  This may break programs/scripts
17:01:16  [main] 	Checking for prerequisites
17:01:17  [main] 	All prerequisites found
17:01:17  [main] 	Initializing Modules
17:01:17  [main] 	Starting Check-Timer
17:01:17  [main] 	Control Panel Ready
17:01:19  [Apache] 	Attempting to start Apache app...
17:01:20  [Apache] 	Status change detected: running
17:01:23  [Apache] 	Attempting to stop Apache (PID: 8048)
17:01:23  [Apache] 	Attempting to stop Apache (PID: 17804)
17:01:24  [Apache] 	Status change detected: stopped
17:01:46  [Apache] 	Attempting to start Apache app...
17:01:46  [Apache] 	Status change detected: running
17:02:30  [Apache] 	Attempting to stop Apache (PID: 21420)
17:02:30  [Apache] 	Attempting to stop Apache (PID: 2236)
17:02:30  [Apache] 	Status change detected: stopped
17:02:38  [main] 	Deinitializing Modules
17:02:38  [main] 	Deinitializing Control Panel

17:56:09  [main] 	Initializing Control Panel
17:56:09  [main] 	Windows Version:  Home  64-bit
17:56:09  [main] 	XAMPP Version: 8.2.12
17:56:09  [main] 	Control Panel Version: 3.3.0  [ Compiled: Apr 6th 2021 ]
17:56:09  [main] 	You are not running with administrator rights! This will work for
17:56:09  [main] 	most application stuff but whenever you do something with services
17:56:09  [main] 	there will be a security dialogue or things will break! So think 
17:56:09  [main] 	about running this application with administrator rights!
17:56:09  [main] 	XAMPP Installation Directory: "c:\users\alexa\desktop\eeerover - platformio\eeerover webpage\xampp\"
17:56:09  [main] 	WARNING: Your install directory contains spaces.  This may break programs/scripts
17:56:09  [main] 	Checking for prerequisites
17:56:09  [main] 	All prerequisites found
17:56:09  [main] 	Initializing Modules
17:56:09  [Apache] 	XAMPP Apache is already running on port 80
17:56:09  [Apache] 	XAMPP Apache is already running on port 443
17:56:09  [main] 	Starting Check-Timer
17:56:09  [main] 	Control Panel Ready
17:56:12  [Apache] 	Attempting to stop Apache (PID: 11132)
17:56:12  [Apache] 	Attempting to stop Apache (PID: 18516)
17:56:12  [Apache] 	Status change detected: stopped
17:56:14  [Apache] 	Attempting to start Apache app...
17:56:14  [Apache] 	Status change detected: running
18:08:12  [Apache] 	Attempting to stop Apache (PID: 26604)
18:08:12  [Apache] 	Attempting to stop Apache (PID: 25048)
18:08:12  [Apache] 	Status change detected: stopped
18:34:38  [main] 	Deinitializing Modules
18:34:38  [main] 	Deinitializing Control Panel

10:32:37  [main] 	Initializing Control Panel
10:32:37  [main] 	Windows Version:  Home  64-bit
10:32:37  [main] 	XAMPP Version: 8.2.12
10:32:37  [main] 	Control Panel Version: 3.3.0  [ Compiled: Apr 6th 2021 ]
10:32:37  [main] 	You are not running with administrator rights! This will work for
10:32:37  [main] 	most application stuff but whenever you do something with services
10:32:37  [main] 	there will be a security dialogue or things will break! So think 
10:32:37  [main] 	about running this application with administrator rights!
10:32:37  [main] 	XAMPP Installation Directory: "c:\users\alexa\desktop\eeerover - platformio\eeerover webpage\xampp\"
10:32:37  [main] 	WARNING: Your install directory contains spaces.  This may break programs/scripts
10:32:37  [main] 	Checking for prerequisites
10:32:37  [main] 	All prerequisites found
10:32:37  [main] 	Initializing Modules
10:32:37  [main] 	Starting Check-Timer
10:32:37  [main] 	Control Panel Ready
10:32:40  [Apache] 	Attempting to start Apache app...
10:32:40  [Apache] 	Status change detected: running
10:35:15  [Apache] 	Attempting to stop Apache (PID: 4320)
10:35:15  [Apache] 	Attempting to stop Apache (PID: 28348)
10:35:15  [Apache] 	Status change detected: stopped
10:35:16  [Apache] 	Attempting to start Apache app...
10:35:17  [Apache] 	Status change detected: running
10:37:11  [Apache] 	Attempting to stop Apache (PID: 6668)
10:37:11  [Apache] 	Attempting to stop Apache (PID: 10272)
10:37:11  [Apache] 	Status change detected: stopped
10:37:12  [Apache] 	Attempting to start Apache app...
10:37:12  [Apache] 	Status change detected: running
10:55:06  [Apache] 	Attempting to stop Apache (PID: 13980)
10:55:06  [Apache] 	Attempting to stop Apache (PID: 9664)
10:55:06  [Apache] 	Status change detected: stopped
11:18:40  [main] 	Deinitializing Modules
11:18:40  [main] 	Deinitializing Control Panel

09:18:04  [main] 	Initializing Control Panel
09:18:04  [main] 	Windows Version:  Home  64-bit
09:18:04  [main] 	XAMPP Version: 8.2.12
09:18:04  [main] 	Control Panel Version: 3.3.0  [ Compiled: Apr 6th 2021 ]
09:18:04  [main] 	You are not running with administrator rights! This will work for
09:18:04  [main] 	most application stuff but whenever you do something with services
09:18:04  [main] 	there will be a security dialogue or things will break! So think 
09:18:04  [main] 	about running this application with administrator rights!
09:18:04  [main] 	XAMPP Installation Directory: "c:\users\alexa\desktop\eeerover - platformio\eeerover webpage\xampp\"
09:18:04  [main] 	WARNING: Your install directory contains spaces.  This may break programs/scripts
09:18:04  [main] 	Checking for prerequisites
09:18:07  [main] 	All prerequisites found
09:18:07  [main] 	Initializing Modules
09:18:07  [main] 	Starting Check-Timer
09:18:07  [main] 	Control Panel Ready
09:18:29  [Apache] 	Attempting to start Apache app...
09:18:29  [Apache] 	Status change detected: running
09:31:32  [Apache] 	Attempting to stop Apache (PID: 12460)
09:31:32  [Apache] 	Attempting to stop Apache (PID: 3572)
09:31:32  [Apache] 	Status change detected: stopped
09:31:33  [Apache] 	Attempting to start Apache app...
09:31:34  [Apache] 	Status change detected: running
09:38:38  [Apache] 	Attempting to stop Apache (PID: 6568)
09:38:38  [Apache] 	Attempting to stop Apache (PID: 7160)
09:38:38  [Apache] 	Status change detected: stopped
10:32:41  [Apache] 	Status change detected: running
10:35:15  [Apache] 	Status change detected: stopped
10:35:16  [Apache] 	Status change detected: running
10:37:11  [Apache] 	Status change detected: stopped
10:37:12  [Apache] 	Status change detected: running
10:55:06  [Apache] 	Status change detected: stopped
11:18:40  [main] 	Deinitializing Modules
11:18:40  [main] 	Deinitializing Control Panel

11:27:39  [main] 	Initializing Control Panel
11:27:39  [main] 	Windows Version:  Home  64-bit
11:27:39  [main] 	XAMPP Version: 8.2.12
11:27:39  [main] 	Control Panel Version: 3.3.0  [ Compiled: Apr 6th 2021 ]
11:27:39  [main] 	You are not running with administrator rights! This will work for
11:27:39  [main] 	most application stuff but whenever you do something with services
11:27:39  [main] 	there will be a security dialogue or things will break! So think 
11:27:39  [main] 	about running this application with administrator rights!
11:27:39  [main] 	XAMPP Installation Directory: "c:\users\alexa\desktop\eeerover - platformio\eeerover webpage\xampp\"
11:27:39  [main] 	WARNING: Your install directory contains spaces.  This may break programs/scripts
11:27:39  [main] 	Checking for prerequisites
11:27:39  [main] 	All prerequisites found
11:27:39  [main] 	Initializing Modules
11:27:39  [main] 	Starting Check-Timer
11:27:39  [main] 	Control Panel Ready
11:27:40  [Apache] 	Attempting to start Apache app...
11:27:41  [Apache] 	Status change detected: running
12:16:42  [Apache] 	Attempting to stop Apache (PID: 1908)
12:16:42  [Apache] 	Attempting to stop Apache (PID: 20064)
12:16:43  [Apache] 	Status change detected: stopped
12:16:49  [Apache] 	Attempting to start Apache app...
12:16:49  [Apache] 	Status change detected: running
12:24:32  [Apache] 	Attempting to stop Apache (PID: 21660)
12:24:32  [Apache] 	Attempting to stop Apache (PID: 21708)
12:24:33  [Apache] 	Status change detected: stopped
12:24:38  [main] 	Deinitializing Modules
12:24:38  [main] 	Deinitializing Control Panel

